<?xml version="1.0" encoding="UTF-8"?>
<coverage generated="1592844140725" clover="3.2.0">
  <project timestamp="1592844140726" name="All files">
    <metrics statements="51" coveredstatements="19" conditionals="12" coveredconditionals="6" methods="17" coveredmethods="5" elements="80" coveredelements="30" complexity="0" loc="51" ncloc="51" packages="3" files="3" classes="3"/>
    <package name="components.Button">
      <metrics statements="2" coveredstatements="2" conditionals="0" coveredconditionals="0" methods="1" coveredmethods="1"/>
      <file name="index.tsx" path="/Users/Zaltron/bootcamp/nivel_03/appgobarber/src/components/Button/index.tsx">
        <metrics statements="2" coveredstatements="2" conditionals="0" coveredconditionals="0" methods="1" coveredmethods="1"/>
        <line num="10" count="1" type="stmt"/>
        <line num="11" count="1" type="stmt"/>
      </file>
    </package>
    <package name="components.Input">
      <metrics statements="21" coveredstatements="12" conditionals="6" coveredconditionals="5" methods="9" coveredmethods="3"/>
      <file name="index.tsx" path="/Users/Zaltron/bootcamp/nivel_03/appgobarber/src/components/Input/index.tsx">
        <metrics statements="21" coveredstatements="12" conditionals="6" coveredconditionals="5" methods="9" coveredmethods="3"/>
        <line num="28" count="1" type="stmt"/>
        <line num="32" count="2" type="cond" truecount="1" falsecount="0"/>
        <line num="33" count="2" type="stmt"/>
        <line num="35" count="2" type="stmt"/>
        <line num="37" count="2" type="stmt"/>
        <line num="38" count="2" type="stmt"/>
        <line num="40" count="2" type="stmt"/>
        <line num="42" count="0" type="stmt"/>
        <line num="46" count="2" type="stmt"/>
        <line num="47" count="2" type="stmt"/>
        <line num="52" count="0" type="stmt"/>
        <line num="53" count="0" type="stmt"/>
        <line num="56" count="0" type="stmt"/>
        <line num="57" count="0" type="stmt"/>
        <line num="62" count="2" type="stmt"/>
        <line num="63" count="0" type="stmt"/>
        <line num="66" count="2" type="stmt"/>
        <line num="67" count="0" type="stmt"/>
        <line num="69" count="0" type="stmt"/>
        <line num="72" count="2" type="stmt"/>
        <line num="87" count="0" type="stmt"/>
      </file>
    </package>
    <package name="hooks">
      <metrics statements="28" coveredstatements="5" conditionals="6" coveredconditionals="1" methods="7" coveredmethods="1"/>
      <file name="auth.tsx" path="/Users/Zaltron/bootcamp/nivel_03/appgobarber/src/hooks/auth.tsx">
        <metrics statements="28" coveredstatements="5" conditionals="6" coveredconditionals="1" methods="7" coveredmethods="1"/>
        <line num="36" count="1" type="stmt"/>
        <line num="38" count="1" type="stmt"/>
        <line num="39" count="0" type="stmt"/>
        <line num="40" count="0" type="stmt"/>
        <line num="42" count="0" type="stmt"/>
        <line num="44" count="0" type="stmt"/>
        <line num="49" count="0" type="cond" truecount="0" falsecount="4"/>
        <line num="50" count="0" type="stmt"/>
        <line num="51" count="0" type="stmt"/>
        <line num="53" count="0" type="stmt"/>
        <line num="56" count="0" type="stmt"/>
        <line num="59" count="0" type="stmt"/>
        <line num="60" count="0" type="stmt"/>
        <line num="61" count="0" type="stmt"/>
        <line num="63" count="0" type="stmt"/>
        <line num="68" count="0" type="stmt"/>
        <line num="69" count="0" type="stmt"/>
        <line num="72" count="0" type="stmt"/>
        <line num="73" count="0" type="stmt"/>
        <line num="75" count="0" type="stmt"/>
        <line num="78" count="0" type="stmt"/>
        <line num="80" count="0" type="stmt"/>
        <line num="81" count="0" type="stmt"/>
        <line num="89" count="0" type="stmt"/>
        <line num="99" count="1" type="stmt"/>
        <line num="101" count="1" type="cond" truecount="1" falsecount="1"/>
        <line num="102" count="0" type="stmt"/>
        <line num="105" count="1" type="stmt"/>
      </file>
    </package>
  </project>
</coverage>
