TN:
SF:/Users/Zaltron/bootcamp/nivel_03/appgobarber/src/components/Button/index.tsx
FN:10,(anonymous_0)
FNF:1
FNH:1
FNDA:1,(anonymous_0)
DA:10,1
DA:11,1
LF:2
LH:2
BRF:0
BRH:0
end_of_record
TN:
SF:/Users/Zaltron/bootcamp/nivel_03/appgobarber/src/components/Input/index.tsx
FN:28,(anonymous_0)
FN:40,(anonymous_1)
FN:41,(anonymous_2)
FN:46,(anonymous_3)
FN:51,(anonymous_4)
FN:55,(anonymous_5)
FN:62,(anonymous_6)
FN:66,(anonymous_7)
FN:86,(anonymous_8)
FNF:9
FNH:3
FNDA:2,(anonymous_0)
FNDA:1,(anonymous_1)
FNDA:0,(anonymous_2)
FNDA:2,(anonymous_3)
FNDA:0,(anonymous_4)
FNDA:0,(anonymous_5)
FNDA:0,(anonymous_6)
FNDA:0,(anonymous_7)
FNDA:0,(anonymous_8)
DA:28,1
DA:32,2
DA:33,2
DA:35,2
DA:37,2
DA:38,2
DA:40,2
DA:42,0
DA:46,2
DA:47,2
DA:52,0
DA:53,0
DA:56,0
DA:57,0
DA:62,2
DA:63,0
DA:66,2
DA:67,0
DA:69,0
DA:72,2
DA:87,0
LF:21
LH:12
BRDA:29,0,0,2
BRDA:32,1,0,2
BRDA:77,2,0,0
BRDA:77,2,1,2
BRDA:77,3,0,2
BRDA:77,3,1,2
BRF:6
BRH:5
end_of_record
TN:
SF:/Users/Zaltron/bootcamp/nivel_03/appgobarber/src/hooks/auth.tsx
FN:38,(anonymous_0)
FN:42,(anonymous_1)
FN:43,loadStoragedData
FN:59,(anonymous_3)
FN:72,(anonymous_4)
FN:79,(anonymous_5)
FN:98,useAuth
FNF:7
FNH:1
FNDA:0,(anonymous_0)
FNDA:0,(anonymous_1)
FNDA:0,loadStoragedData
FNDA:0,(anonymous_3)
FNDA:0,(anonymous_4)
FNDA:0,(anonymous_5)
FNDA:1,useAuth
DA:36,1
DA:38,1
DA:39,0
DA:40,0
DA:42,0
DA:44,0
DA:49,0
DA:50,0
DA:51,0
DA:53,0
DA:56,0
DA:59,0
DA:60,0
DA:61,0
DA:63,0
DA:68,0
DA:69,0
DA:72,0
DA:73,0
DA:75,0
DA:78,0
DA:80,0
DA:81,0
DA:89,0
DA:99,1
DA:101,1
DA:102,0
DA:105,1
LF:28
LH:5
BRDA:49,0,0,0
BRDA:49,0,1,0
BRDA:49,1,0,0
BRDA:49,1,1,0
BRDA:101,2,0,0
BRDA:101,2,1,1
BRF:6
BRH:1
end_of_record
